2019-05-07 09:59:22.141 [http-nio-8080-exec-1] DEBUG com.my.blog.website.service.impl.ContentServiceImpl - Enter getContents method
2019-05-07 09:59:22.666 [http-nio-8080-exec-1] DEBUG com.my.blog.website.service.impl.ContentServiceImpl - Exit getContents method
2019-05-07 09:59:36.509 [http-nio-8080-exec-4] INFO  com.my.blog.website.controller.admin.IndexController - Enter admin index method
2019-05-07 09:59:36.509 [http-nio-8080-exec-4] DEBUG com.my.blog.website.service.impl.SiteServiceImpl - Enter recentComments method:limit=5
2019-05-07 09:59:36.888 [http-nio-8080-exec-4] DEBUG com.my.blog.website.service.impl.SiteServiceImpl - Exit recentComments method
2019-05-07 09:59:36.888 [http-nio-8080-exec-4] DEBUG com.my.blog.website.service.impl.SiteServiceImpl - Enter recentContents method
2019-05-07 09:59:37.248 [http-nio-8080-exec-4] DEBUG com.my.blog.website.service.impl.SiteServiceImpl - Exit recentContents method
2019-05-07 09:59:37.248 [http-nio-8080-exec-4] DEBUG com.my.blog.website.service.impl.SiteServiceImpl - Enter getStatistics method
2019-05-07 09:59:38.002 [http-nio-8080-exec-4] DEBUG com.my.blog.website.service.impl.SiteServiceImpl - Exit getStatistics method
2019-05-07 09:59:38.002 [http-nio-8080-exec-4] DEBUG com.my.blog.website.service.impl.LogServiceImpl - Enter getLogs method:page=1,linit=5
2019-05-07 09:59:38.374 [http-nio-8080-exec-4] DEBUG com.my.blog.website.service.impl.LogServiceImpl - Exit getLogs method
2019-05-07 09:59:38.374 [http-nio-8080-exec-4] INFO  com.my.blog.website.controller.admin.IndexController - Exit admin index method
2019-05-07 09:59:56.923 [http-nio-8080-exec-6] ERROR com.my.blog.website.controller.GlobalExceptionHandler - find exception:e=Could not parse multipart servlet request; nested exception is java.lang.IllegalStateException: org.apache.tomcat.util.http.fileupload.FileUploadBase$FileSizeLimitExceededException: The field file exceeds its maximum permitted size of 1048576 bytes.
2019-05-07 10:08:21.321 [http-nio-8080-exec-9] INFO  com.my.blog.website.controller.admin.IndexController - Enter admin index method
2019-05-07 10:08:21.321 [http-nio-8080-exec-9] DEBUG com.my.blog.website.service.impl.SiteServiceImpl - Enter recentComments method:limit=5
2019-05-07 10:08:21.762 [http-nio-8080-exec-9] DEBUG com.my.blog.website.service.impl.SiteServiceImpl - Exit recentComments method
2019-05-07 10:08:21.762 [http-nio-8080-exec-9] DEBUG com.my.blog.website.service.impl.SiteServiceImpl - Enter recentContents method
2019-05-07 10:08:22.165 [http-nio-8080-exec-9] DEBUG com.my.blog.website.service.impl.SiteServiceImpl - Exit recentContents method
2019-05-07 10:08:22.165 [http-nio-8080-exec-9] DEBUG com.my.blog.website.service.impl.SiteServiceImpl - Enter getStatistics method
2019-05-07 10:08:22.974 [http-nio-8080-exec-9] DEBUG com.my.blog.website.service.impl.SiteServiceImpl - Exit getStatistics method
2019-05-07 10:08:22.974 [http-nio-8080-exec-9] DEBUG com.my.blog.website.service.impl.LogServiceImpl - Enter getLogs method:page=1,linit=5
2019-05-07 10:08:23.361 [http-nio-8080-exec-9] DEBUG com.my.blog.website.service.impl.LogServiceImpl - Exit getLogs method
2019-05-07 10:08:23.361 [http-nio-8080-exec-9] INFO  com.my.blog.website.controller.admin.IndexController - Exit admin index method
